[debug] [2020-09-03T10:49:46.525Z] ----------------------------------------------------------------------
[debug] [2020-09-03T10:49:46.526Z] Command:       C:\Program Files\nodejs\node.exe C:\Users\ASUS\AppData\Roaming\npm\node_modules\firebase-tools\lib\bin\firebase.js serve
[debug] [2020-09-03T10:49:46.527Z] CLI Version:   8.4.1
[debug] [2020-09-03T10:49:46.527Z] Platform:      win32
[debug] [2020-09-03T10:49:46.527Z] Node Version:  v12.18.0
[debug] [2020-09-03T10:49:46.528Z] Time:          Thu Sep 03 2020 16:19:46 GMT+0530 (India Standard Time)
[debug] [2020-09-03T10:49:46.528Z] ----------------------------------------------------------------------
[debug] [2020-09-03T10:49:46.528Z] 
[debug] [2020-09-03T10:49:46.541Z] > command requires scopes: ["email","openid","https://www.googleapis.com/auth/cloudplatformprojects.readonly","https://www.googleapis.com/auth/firebase","https://www.googleapis.com/auth/cloud-platform"]
[debug] [2020-09-03T10:49:46.542Z] > authorizing via signed-in user
[debug] [2020-09-03T10:49:46.542Z] [iam] checking project seller-39bb5 for permissions ["firebase.projects.get"]
[debug] [2020-09-03T10:49:46.544Z] > refreshing access token with scopes: ["email","https://www.googleapis.com/auth/cloud-platform","https://www.googleapis.com/auth/cloudplatformprojects.readonly","https://www.googleapis.com/auth/firebase","openid"]
[debug] [2020-09-03T10:49:46.544Z] >>> HTTP REQUEST POST https://www.googleapis.com/oauth2/v3/token  
 <request body omitted>
[debug] [2020-09-03T10:49:47.123Z] <<< HTTP RESPONSE 200 {"content-type":"application/json; charset=utf-8","vary":"X-Origin, Referer, Origin,Accept-Encoding","date":"Thu, 03 Sep 2020 10:49:47 GMT","server":"scaffolding on HTTPServer2","cache-control":"private","x-xss-protection":"0","x-frame-options":"SAMEORIGIN","x-content-type-options":"nosniff","alt-svc":"h3-29=\":443\"; ma=2592000,h3-27=\":443\"; ma=2592000,h3-T051=\":443\"; ma=2592000,h3-T050=\":443\"; ma=2592000,h3-Q050=\":443\"; ma=2592000,h3-Q046=\":443\"; ma=2592000,h3-Q043=\":443\"; ma=2592000,quic=\":443\"; ma=2592000; v=\"46,43\"","accept-ranges":"none","transfer-encoding":"chunked"}
[debug] [2020-09-03T10:49:47.134Z] >>> HTTP REQUEST POST https://cloudresourcemanager.googleapis.com/v1/projects/seller-39bb5:testIamPermissions  
 {"permissions":["firebase.projects.get"]}
[debug] [2020-09-03T10:49:48.907Z] <<< HTTP RESPONSE 200 {"content-type":"application/json; charset=UTF-8","vary":"X-Origin, Referer, Origin,Accept-Encoding","date":"Thu, 03 Sep 2020 10:49:48 GMT","server":"ESF","cache-control":"private","x-xss-protection":"0","x-frame-options":"SAMEORIGIN","x-content-type-options":"nosniff","server-timing":"gfet4t7; dur=1302","alt-svc":"h3-29=\":443\"; ma=2592000,h3-27=\":443\"; ma=2592000,h3-T051=\":443\"; ma=2592000,h3-T050=\":443\"; ma=2592000,h3-Q050=\":443\"; ma=2592000,h3-Q046=\":443\"; ma=2592000,h3-Q043=\":443\"; ma=2592000,quic=\":443\"; ma=2592000; v=\"46,43\"","accept-ranges":"none","transfer-encoding":"chunked"}
[debug] [2020-09-03T10:49:48.910Z] >>> HTTP REQUEST GET https://firebase.googleapis.com/v1beta1/projects/seller-39bb5  
 
[debug] [2020-09-03T10:49:49.628Z] <<< HTTP RESPONSE 200 {"content-type":"application/json; charset=UTF-8","vary":"X-Origin, Referer, Origin,Accept-Encoding","date":"Thu, 03 Sep 2020 10:49:49 GMT","server":"ESF","cache-control":"private","x-xss-protection":"0","x-frame-options":"SAMEORIGIN","x-content-type-options":"nosniff","alt-svc":"h3-29=\":443\"; ma=2592000,h3-27=\":443\"; ma=2592000,h3-T051=\":443\"; ma=2592000,h3-T050=\":443\"; ma=2592000,h3-Q050=\":443\"; ma=2592000,h3-Q046=\":443\"; ma=2592000,h3-Q043=\":443\"; ma=2592000,quic=\":443\"; ma=2592000; v=\"46,43\"","accept-ranges":"none","transfer-encoding":"chunked"}
